<?xml version="1.0" encoding="UTF-8"?>
<TestRun id="3159a873-72cf-48e8-ac04-d396965fa151" name="jlospinoso@MININT-NB6LPJ1 2011-09-07 05:01:38" runUser="MININT-NB6LPJ1\jlospinoso" xmlns="http://microsoft.com/schemas/VisualStudio/TeamTest/2010">
  <TestSettings name="Local" id="99f50d2e-97f5-4646-a5c0-bb5ad7daee8b">
    <Description>These are default test settings for a local test run.</Description>
    <Deployment enabled="false" runDeploymentRoot="jlospinoso_MININT-NB6LPJ1 2011-09-07 05_01_38">
      <DeploymentItem filename="c:\users\jlospinoso\documents\visual studio 2010\Projects\LUT\Utils\bin\Debug\LospiUtils.dll" />
      <DeploymentItem filename="c:\users\jlospinoso\documents\visual studio 2010\Projects\LUT\Lib\MathNet.Iridium.dll" />
    </Deployment>
    <Execution>
      <TestTypeSpecific />
      <AgentRule name="Execution Agents">
      </AgentRule>
    </Execution>
  </TestSettings>
  <Times creation="2011-09-07T05:01:38.8249820-04:00" queuing="2011-09-07T05:01:39.6460290-04:00" start="2011-09-07T05:01:39.8490406-04:00" finish="2011-09-07T05:07:01.6274453-04:00" />
  <ResultSummary outcome="Completed">
    <Counters total="1" executed="1" passed="1" error="0" failed="0" timeout="0" aborted="0" inconclusive="0" passedButRunAborted="0" notRunnable="0" notExecuted="0" disconnected="0" warning="0" completed="0" inProgress="0" pending="0" />
  </ResultSummary>
  <TestDefinitions>
    <UnitTest name="NormalizeTest" storage="c:\users\jlospinoso\documents\visual studio 2010\projects\lut\utils.test\bin\debug\utilstest.dll" id="60188dd3-c6f2-7476-afa1-aa6a6c58b03a">
      <Execution id="fd04355e-5ab6-458c-96ae-9741b28eb246" />
      <TestMethod codeBase="c:/users/jlospinoso/documents/visual studio 2010/Projects/LUT/Utils.Test/bin/Debug/UtilsTest.DLL" adapterTypeName="Microsoft.VisualStudio.TestTools.TestTypes.Unit.UnitTestAdapter, Microsoft.VisualStudio.QualityTools.Tips.UnitTest.Adapter, Version=10.0.0.0, Culture=neutral, PublicKeyToken=b03f5f7f11d50a3a" className="Lospi.Utils.Test.ExtensionMethodsTest, UtilsTest, Version=1.0.0.0, Culture=neutral, PublicKeyToken=null" name="NormalizeTest" />
    </UnitTest>
  </TestDefinitions>
  <TestLists>
    <TestList name="Results Not in a List" id="8c84fa94-04c1-424b-9868-57a2d4851a1d" />
    <TestList name="All Loaded Results" id="19431567-8539-422a-85d7-44ee4e166bda" />
  </TestLists>
  <TestEntries>
    <TestEntry testId="60188dd3-c6f2-7476-afa1-aa6a6c58b03a" executionId="fd04355e-5ab6-458c-96ae-9741b28eb246" testListId="8c84fa94-04c1-424b-9868-57a2d4851a1d" />
  </TestEntries>
  <Results>
    <UnitTestResult executionId="fd04355e-5ab6-458c-96ae-9741b28eb246" testId="60188dd3-c6f2-7476-afa1-aa6a6c58b03a" testName="NormalizeTest" computerName="MININT-NB6LPJ1" duration="00:05:20.6669565" startTime="2011-09-07T05:01:40.0490520-04:00" endTime="2011-09-07T05:07:01.5384402-04:00" testType="13cdc9d9-ddb5-4fa4-a97d-d965ccfc6d4b" outcome="Passed" testListId="8c84fa94-04c1-424b-9868-57a2d4851a1d" relativeResultsDirectory="fd04355e-5ab6-458c-96ae-9741b28eb246">
    </UnitTestResult>
  </Results>
</TestRun>