<?xml version="1.0" encoding="UTF-8"?>
<TestRun id="7e0f1a8b-f48d-4e2d-8257-1f5e83618f3e" name="jlospinoso@MININT-NB6LPJ1 2011-09-07 05:09:08" runUser="MININT-NB6LPJ1\jlospinoso" xmlns="http://microsoft.com/schemas/VisualStudio/TeamTest/2010">
  <TestSettings name="Local" id="99f50d2e-97f5-4646-a5c0-bb5ad7daee8b">
    <Description>These are default test settings for a local test run.</Description>
    <Deployment enabled="false" runDeploymentRoot="jlospinoso_MININT-NB6LPJ1 2011-09-07 05_09_08">
      <DeploymentItem filename="c:\users\jlospinoso\documents\visual studio 2010\Projects\LUT\Utils\bin\Debug\LospiUtils.dll" />
      <DeploymentItem filename="c:\users\jlospinoso\documents\visual studio 2010\Projects\LUT\Lib\MathNet.Iridium.dll" />
    </Deployment>
    <Execution>
      <TestTypeSpecific />
      <AgentRule name="Execution Agents">
      </AgentRule>
    </Execution>
  </TestSettings>
  <Times creation="2011-09-07T05:09:08.4326981-04:00" queuing="2011-09-07T05:09:08.6557109-04:00" start="2011-09-07T05:09:08.6847125-04:00" finish="2011-09-07T05:09:08.9417272-04:00" />
  <ResultSummary outcome="Completed">
    <Counters total="1" executed="1" passed="1" error="0" failed="0" timeout="0" aborted="0" inconclusive="0" passedButRunAborted="0" notRunnable="0" notExecuted="0" disconnected="0" warning="0" completed="0" inProgress="0" pending="0" />
  </ResultSummary>
  <TestDefinitions>
    <UnitTest name="PercentileTest" storage="c:\users\jlospinoso\documents\visual studio 2010\projects\lut\utils.test\bin\debug\utilstest.dll" id="19b43299-b7be-1f16-99d9-13f94a42bbe5">
      <Execution id="7479999c-0238-4006-8205-8a28b66e434b" />
      <TestMethod codeBase="c:/users/jlospinoso/documents/visual studio 2010/Projects/LUT/Utils.Test/bin/Debug/UtilsTest.DLL" adapterTypeName="Microsoft.VisualStudio.TestTools.TestTypes.Unit.UnitTestAdapter, Microsoft.VisualStudio.QualityTools.Tips.UnitTest.Adapter, Version=10.0.0.0, Culture=neutral, PublicKeyToken=b03f5f7f11d50a3a" className="Lospi.Utils.Test.ExtensionMethodsTest, UtilsTest, Version=1.0.0.0, Culture=neutral, PublicKeyToken=null" name="PercentileTest" />
    </UnitTest>
  </TestDefinitions>
  <TestLists>
    <TestList name="Results Not in a List" id="8c84fa94-04c1-424b-9868-57a2d4851a1d" />
    <TestList name="All Loaded Results" id="19431567-8539-422a-85d7-44ee4e166bda" />
  </TestLists>
  <TestEntries>
    <TestEntry testId="19b43299-b7be-1f16-99d9-13f94a42bbe5" executionId="7479999c-0238-4006-8205-8a28b66e434b" testListId="8c84fa94-04c1-424b-9868-57a2d4851a1d" />
  </TestEntries>
  <Results>
    <UnitTestResult executionId="7479999c-0238-4006-8205-8a28b66e434b" testId="19b43299-b7be-1f16-99d9-13f94a42bbe5" testName="PercentileTest" computerName="MININT-NB6LPJ1" duration="00:00:00.0251705" startTime="2011-09-07T05:09:08.7007134-04:00" endTime="2011-09-07T05:09:08.9247263-04:00" testType="13cdc9d9-ddb5-4fa4-a97d-d965ccfc6d4b" outcome="Passed" testListId="8c84fa94-04c1-424b-9868-57a2d4851a1d" relativeResultsDirectory="7479999c-0238-4006-8205-8a28b66e434b">
    </UnitTestResult>
  </Results>
</TestRun>