<?xml version="1.0" encoding="UTF-8"?>
<TestRun id="6ddaf8d3-b141-4838-97be-b055ff60b8a7" name="jlospinoso@MININT-NB6LPJ1 2011-09-07 04:52:51" runUser="MININT-NB6LPJ1\jlospinoso" xmlns="http://microsoft.com/schemas/VisualStudio/TeamTest/2010">
  <TestSettings name="Local" id="99f50d2e-97f5-4646-a5c0-bb5ad7daee8b">
    <Description>These are default test settings for a local test run.</Description>
    <Deployment enabled="false" runDeploymentRoot="jlospinoso_MININT-NB6LPJ1 2011-09-07 04_52_51">
      <DeploymentItem filename="c:\users\jlospinoso\documents\visual studio 2010\Projects\LUT\Utils\bin\Debug\LospiUtils.dll" />
      <DeploymentItem filename="c:\users\jlospinoso\documents\visual studio 2010\Projects\LUT\Lib\MathNet.Iridium.dll" />
    </Deployment>
    <Execution>
      <TestTypeSpecific />
      <AgentRule name="Execution Agents">
      </AgentRule>
    </Execution>
  </TestSettings>
  <Times creation="2011-09-07T04:52:51.6908317-04:00" queuing="2011-09-07T04:52:52.4958777-04:00" start="2011-09-07T04:52:52.5608814-04:00" finish="2011-09-07T04:52:52.9139016-04:00" />
  <ResultSummary outcome="Failed">
    <Counters total="1" executed="1" error="0" failed="1" timeout="0" aborted="0" inconclusive="0" passedButRunAborted="0" notRunnable="0" notExecuted="0" disconnected="0" warning="0" passed="0" completed="0" inProgress="0" pending="0" />
  </ResultSummary>
  <TestDefinitions>
    <UnitTest name="VarianceTest" storage="c:\users\jlospinoso\documents\visual studio 2010\projects\lut\utils.test\bin\debug\utilstest.dll" id="344d4a04-286c-d3d4-fb42-2a5639e4e1a3">
      <Execution id="0e372e5d-3dd0-4a6e-8302-971831d91d56" />
      <TestMethod codeBase="c:/users/jlospinoso/documents/visual studio 2010/Projects/LUT/Utils.Test/bin/Debug/UtilsTest.DLL" adapterTypeName="Microsoft.VisualStudio.TestTools.TestTypes.Unit.UnitTestAdapter, Microsoft.VisualStudio.QualityTools.Tips.UnitTest.Adapter, Version=10.0.0.0, Culture=neutral, PublicKeyToken=b03f5f7f11d50a3a" className="Lospi.Utils.Test.StatisticalExtensionMethodsTest, UtilsTest, Version=1.0.0.0, Culture=neutral, PublicKeyToken=null" name="VarianceTest" />
    </UnitTest>
  </TestDefinitions>
  <TestLists>
    <TestList name="Results Not in a List" id="8c84fa94-04c1-424b-9868-57a2d4851a1d" />
    <TestList name="All Loaded Results" id="19431567-8539-422a-85d7-44ee4e166bda" />
  </TestLists>
  <TestEntries>
    <TestEntry testId="344d4a04-286c-d3d4-fb42-2a5639e4e1a3" executionId="0e372e5d-3dd0-4a6e-8302-971831d91d56" testListId="8c84fa94-04c1-424b-9868-57a2d4851a1d" />
  </TestEntries>
  <Results>
    <UnitTestResult executionId="0e372e5d-3dd0-4a6e-8302-971831d91d56" testId="344d4a04-286c-d3d4-fb42-2a5639e4e1a3" testName="VarianceTest" computerName="MININT-NB6LPJ1" duration="00:00:00.0958938" startTime="2011-09-07T04:52:52.5688819-04:00" endTime="2011-09-07T04:52:52.8879001-04:00" testType="13cdc9d9-ddb5-4fa4-a97d-d965ccfc6d4b" outcome="Failed" testListId="8c84fa94-04c1-424b-9868-57a2d4851a1d" relativeResultsDirectory="0e372e5d-3dd0-4a6e-8302-971831d91d56">
      <Output>
        <ErrorInfo>
          <Message>Assert.AreEqual failed. Expected:&lt;16&gt;. Actual:&lt;2&gt;. </Message>
          <StackTrace>   at Lospi.Utils.Test.StatisticalExtensionMethodsTest.VarianceTest() in c:\users\jlospinoso\documents\visual studio 2010\Projects\LUT\Utils.Test\StatisticalExtensionMethodsTest.cs:line 93
</StackTrace>
        </ErrorInfo>
      </Output>
    </UnitTestResult>
  </Results>
</TestRun>