<?xml version="1.0" encoding="UTF-8"?>
<TestRun id="7a4838a6-53f0-4f4a-91ec-c863e462a307" name="jlospinoso@MININT-NB6LPJ1 2011-09-07 05:08:44" runUser="MININT-NB6LPJ1\jlospinoso" xmlns="http://microsoft.com/schemas/VisualStudio/TeamTest/2010">
  <TestSettings name="Local" id="99f50d2e-97f5-4646-a5c0-bb5ad7daee8b">
    <Description>These are default test settings for a local test run.</Description>
    <Deployment enabled="false" runDeploymentRoot="jlospinoso_MININT-NB6LPJ1 2011-09-07 05_08_44">
      <DeploymentItem filename="c:\users\jlospinoso\documents\visual studio 2010\Projects\LUT\Utils\bin\Debug\LospiUtils.dll" />
      <DeploymentItem filename="c:\users\jlospinoso\documents\visual studio 2010\Projects\LUT\Lib\MathNet.Iridium.dll" />
    </Deployment>
    <Execution>
      <TestTypeSpecific />
      <AgentRule name="Execution Agents">
      </AgentRule>
    </Execution>
  </TestSettings>
  <Times creation="2011-09-07T05:08:44.7033409-04:00" queuing="2011-09-07T05:08:45.5983921-04:00" start="2011-09-07T05:08:45.6713962-04:00" finish="2011-09-07T05:08:53.4418407-04:00" />
  <ResultSummary outcome="Error">
    <Counters total="1" executed="1" error="0" failed="0" timeout="0" aborted="1" inconclusive="0" passedButRunAborted="0" notRunnable="0" notExecuted="0" disconnected="0" warning="0" passed="0" completed="0" inProgress="0" pending="0" />
    <RunInfos>
      <RunInfo computerName="MININT-NB6LPJ1" outcome="Error" timestamp="2011-09-07T05:08:53.4408406-04:00">
        <Text>Test host process exited unexpectedly.</Text>
      </RunInfo>
    </RunInfos>
  </ResultSummary>
  <TestDefinitions>
    <UnitTest name="PercentileTest" storage="c:\users\jlospinoso\documents\visual studio 2010\projects\lut\utils.test\bin\debug\utilstest.dll" id="19b43299-b7be-1f16-99d9-13f94a42bbe5">
      <Execution id="300732c0-0888-41bf-861c-38a040b03ff8" />
      <TestMethod codeBase="c:/users/jlospinoso/documents/visual studio 2010/Projects/LUT/Utils.Test/bin/Debug/UtilsTest.DLL" adapterTypeName="Microsoft.VisualStudio.TestTools.TestTypes.Unit.UnitTestAdapter, Microsoft.VisualStudio.QualityTools.Tips.UnitTest.Adapter, Version=10.0.0.0, Culture=neutral, PublicKeyToken=b03f5f7f11d50a3a" className="Lospi.Utils.Test.ExtensionMethodsTest, UtilsTest, Version=1.0.0.0, Culture=neutral, PublicKeyToken=null" name="PercentileTest" />
    </UnitTest>
  </TestDefinitions>
  <TestLists>
    <TestList name="Results Not in a List" id="8c84fa94-04c1-424b-9868-57a2d4851a1d" />
    <TestList name="All Loaded Results" id="19431567-8539-422a-85d7-44ee4e166bda" />
  </TestLists>
  <TestEntries>
    <TestEntry testId="19b43299-b7be-1f16-99d9-13f94a42bbe5" executionId="300732c0-0888-41bf-861c-38a040b03ff8" testListId="8c84fa94-04c1-424b-9868-57a2d4851a1d" />
  </TestEntries>
  <Results>
    <UnitTestResult executionId="300732c0-0888-41bf-861c-38a040b03ff8" testId="19b43299-b7be-1f16-99d9-13f94a42bbe5" testName="PercentileTest" computerName="MININT-NB6LPJ1" duration="00:00:07.7244418" startTime="2011-09-07T05:08:45.7173989-04:00" endTime="2011-09-07T05:08:53.4418407-04:00" testType="13cdc9d9-ddb5-4fa4-a97d-d965ccfc6d4b" outcome="Aborted" testListId="8c84fa94-04c1-424b-9868-57a2d4851a1d" relativeResultsDirectory="300732c0-0888-41bf-861c-38a040b03ff8">
    </UnitTestResult>
  </Results>
</TestRun>