<?xml version="1.0" encoding="UTF-8"?>
<TestRun id="f63b71e2-2387-4c7b-aee5-cf53f208e065" name="jlospinoso@MININT-NB6LPJ1 2011-09-07 05:19:43" runUser="MININT-NB6LPJ1\jlospinoso" xmlns="http://microsoft.com/schemas/VisualStudio/TeamTest/2010">
  <TestSettings name="Local" id="99f50d2e-97f5-4646-a5c0-bb5ad7daee8b">
    <Description>These are default test settings for a local test run.</Description>
    <Deployment enabled="false" runDeploymentRoot="jlospinoso_MININT-NB6LPJ1 2011-09-07 05_19_43">
      <DeploymentItem filename="c:\users\jlospinoso\documents\visual studio 2010\Projects\LUT\Utils\bin\Debug\LospiUtils.dll" />
      <DeploymentItem filename="c:\users\jlospinoso\documents\visual studio 2010\Projects\LUT\Lib\MathNet.Iridium.dll" />
    </Deployment>
    <Execution>
      <TestTypeSpecific />
      <AgentRule name="Execution Agents">
      </AgentRule>
    </Execution>
  </TestSettings>
  <Times creation="2011-09-07T05:19:43.3860154-04:00" queuing="2011-09-07T05:19:43.4430186-04:00" start="2011-09-07T05:19:43.4500190-04:00" finish="2011-09-07T05:19:43.6770320-04:00" />
  <ResultSummary outcome="Completed">
    <Counters total="1" executed="1" passed="1" error="0" failed="0" timeout="0" aborted="0" inconclusive="0" passedButRunAborted="0" notRunnable="0" notExecuted="0" disconnected="0" warning="0" completed="0" inProgress="0" pending="0" />
  </ResultSummary>
  <TestDefinitions>
    <UnitTest name="SortOnKeysTest" storage="c:\users\jlospinoso\documents\visual studio 2010\projects\lut\utils.test\bin\debug\utilstest.dll" id="f5896814-dba8-fd25-5554-d62d3fbce816">
      <Execution id="5665590d-c708-45f7-8459-a35bcd985f07" />
      <TestMethod codeBase="c:/users/jlospinoso/documents/visual studio 2010/Projects/LUT/Utils.Test/bin/Debug/UtilsTest.DLL" adapterTypeName="Microsoft.VisualStudio.TestTools.TestTypes.Unit.UnitTestAdapter, Microsoft.VisualStudio.QualityTools.Tips.UnitTest.Adapter, Version=10.0.0.0, Culture=neutral, PublicKeyToken=b03f5f7f11d50a3a" className="Lospi.Utils.Test.ExtensionMethodsTest, UtilsTest, Version=1.0.0.0, Culture=neutral, PublicKeyToken=null" name="SortOnKeysTest" />
    </UnitTest>
  </TestDefinitions>
  <TestLists>
    <TestList name="Results Not in a List" id="8c84fa94-04c1-424b-9868-57a2d4851a1d" />
    <TestList name="All Loaded Results" id="19431567-8539-422a-85d7-44ee4e166bda" />
  </TestLists>
  <TestEntries>
    <TestEntry testId="f5896814-dba8-fd25-5554-d62d3fbce816" executionId="5665590d-c708-45f7-8459-a35bcd985f07" testListId="8c84fa94-04c1-424b-9868-57a2d4851a1d" />
  </TestEntries>
  <Results>
    <UnitTestResult executionId="5665590d-c708-45f7-8459-a35bcd985f07" testId="f5896814-dba8-fd25-5554-d62d3fbce816" testName="SortOnKeysTest" computerName="MININT-NB6LPJ1" duration="00:00:00.0354455" startTime="2011-09-07T05:19:43.4530192-04:00" endTime="2011-09-07T05:19:43.6620312-04:00" testType="13cdc9d9-ddb5-4fa4-a97d-d965ccfc6d4b" outcome="Passed" testListId="8c84fa94-04c1-424b-9868-57a2d4851a1d" relativeResultsDirectory="5665590d-c708-45f7-8459-a35bcd985f07">
    </UnitTestResult>
  </Results>
</TestRun>